*----------------------------------------------------------------------------------------
*	Innovus 17.11-s080_1 (64bit) 08/04/2017 11:13 (Linux 2.6.18-194.el5)
*	
*
* 	Date & Time:	2019-Mar-14 15:03:49 (2019-Mar-14 14:03:49 GMT)
*
*----------------------------------------------------------------------------------------
*
*	Design: iir_filter
*
*	Liberty Libraries used: 
*	        MyAnView: /home/isa22/lab1/innovus/iir_filter.enc.dat/libs/mmmc/NangateOpenCellLibrary_typical_ecsm_nowlm.lib
*
*	Power Domain used: 
*		Rail:        VDD 	Voltage:        1.1 
*
*       Power View : MyAnView
*
*       User-Defined Activity : N.A.
*
*	Switching Activity File used: 
*	        ../vcd/design.vcd
*			Vcd Window used(Start Time, Stop Time):(-1.37897e-18, -1.37897e-18) 
*                     Vcd Scale Factor: 1 
**                    Design annotation coverage: 0/2255 = 0% 
*
*       Hierarchical Global Activity: N.A.
*
*       Global Activity: N.A.
*
*       Sequential Element Activity: N.A.
*
*       Primary Input Activity: 0.200000
*
*       Default icg ratio: N.A.
*
*       Global Comb ClockGate Ratio: N.A.
*
*	Power Units = 1mW
*
*	Time Units = 1e-09 secs 
*
*       report_power -outfile ./powReport/powReport.rpt -sort total
*
-----------------------------------------------------------------------------------------


Total Power 
-----------------------------------------------------------------------------------------
Total Internal Power:        0.84407039 	   52.7797%
Total Switching Power:       0.67768805 	   42.3758%
Total Leakage Power:         0.07747436 	    4.8445%
Total Power:                 1.59923280 
-----------------------------------------------------------------------------------------


Group                           Internal   Switching     Leakage       Total  Percentage 
                                Power      Power         Power         Power  (%)        
-----------------------------------------------------------------------------------------
Sequential                       0.08886     0.07695    0.009653      0.1755       10.97 
Macro                                  0           0           0           0           0 
IO                                     0           0           0           0           0 
Combinational                     0.7552      0.6007     0.06782       1.424       89.03 
Clock (Combinational)                  0           0           0           0           0 
Clock (Sequential)                     0           0           0           0           0 
-----------------------------------------------------------------------------------------
Total                             0.8441      0.6777     0.07747       1.599         100 
-----------------------------------------------------------------------------------------


Rail                  Voltage   Internal   Switching     Leakage       Total  Percentage 
                                Power      Power         Power         Power  (%)        
-----------------------------------------------------------------------------------------
VDD                       1.1     0.8441      0.6777     0.07747       1.599         100 


-----------------------------------------------------------------------------------------
*	Power Distribution Summary: 
* 		Highest Average Power: sub_0_root_sub_0_root_DP_sub_104/U2_8 (FA_X1): 	   0.00457 
* 		Highest Leakage Power:      DP_reg_sw0_Q_reg_12_ (DFFR_X1): 	 8.621e-05 
* 		Total Cap: 	1.18784e-11 F
* 		Total instances in design:  1800
* 		Total instances in design with no power:     0
*          Total instances in design with no activity:     0
* 		Total Fillers and Decap:     0
-----------------------------------------------------------------------------------------

