*----------------------------------------------------------------------------------------
*	Innovus 17.11-s080_1 (64bit) 08/04/2017 11:13 (Linux 2.6.18-194.el5)
*	
*
* 	Date & Time:	2018-Nov-04 12:04:55 (2018-Nov-04 11:04:55 GMT)
*
*----------------------------------------------------------------------------------------
*
*	Design: iir_filter
*
*	Liberty Libraries used: 
*	        MyAnView: /home/isa22/lab1/innovus/iir_filter.enc.dat/libs/mmmc/NangateOpenCellLibrary_typical_ecsm_nowlm.lib
*
*	Power Domain used: 
*		Rail:        VDD 	Voltage:        1.1 
*
*       Power View : MyAnView
*
*       User-Defined Activity : N.A.
*
*	Switching Activity File used: 
*	        ../vcd/design.vcd
*			Vcd Window used(Start Time, Stop Time):(-1.74845e+32, -1.74846e+32) 
*                     Vcd Scale Factor: 1 
**                    Design annotation coverage: 0/10354 = 0% 
*
*       Hierarchical Global Activity: N.A.
*
*       Global Activity: N.A.
*
*       Sequential Element Activity: N.A.
*
*       Primary Input Activity: 0.200000
*
*       Default icg ratio: N.A.
*
*       Global Comb ClockGate Ratio: N.A.
*
*	Power Units = 1mW
*
*	Time Units = 1e-09 secs 
*
*       report_power -outfile powReport/powReport.rpt -sort total
*
-----------------------------------------------------------------------------------------


Total Power 
-----------------------------------------------------------------------------------------
Total Internal Power:        4.62758197 	   48.0295%
Total Switching Power:       4.65546547 	   48.3189%
Total Leakage Power:         0.35183136 	    3.6516%
Total Power:                 9.63487881 
-----------------------------------------------------------------------------------------


Group                           Internal   Switching     Leakage       Total  Percentage 
                                Power      Power         Power         Power  (%)        
-----------------------------------------------------------------------------------------
Sequential                        0.5008      0.3358     0.03449      0.8711       9.041 
Macro                                  0           0           0           0           0 
IO                                     0           0           0           0           0 
Combinational                      4.127        4.32      0.3173       8.764       90.96 
Clock (Combinational)                  0           0           0           0           0 
Clock (Sequential)                     0           0           0           0           0 
-----------------------------------------------------------------------------------------
Total                              4.628       4.655      0.3518       9.635         100 
-----------------------------------------------------------------------------------------


Rail                  Voltage   Internal   Switching     Leakage       Total  Percentage 
                                Power      Power         Power         Power  (%)        
-----------------------------------------------------------------------------------------
VDD                       1.1      4.628       4.655      0.3518       9.635         100 


-----------------------------------------------------------------------------------------
*	Power Distribution Summary: 
* 		Highest Average Power: FE_OFC12_DP_coeff_ret1_20 (BUF_X2): 	   0.01085 
* 		Highest Leakage Power:      reg_delay_1_Q_reg_1_ (DFFR_X1): 	 8.621e-05 
* 		Total Cap: 	5.98463e-11 F
* 		Total instances in design:  8236
* 		Total instances in design with no power:     0
*          Total instances in design with no activity:     0
* 		Total Fillers and Decap:     0
-----------------------------------------------------------------------------------------

